<?xml version="1.0" encoding="UTF-8"?>
<!-- Generated by org.testng.reporters.JUnitReportReporter -->
<testsuite hostname="DESKTOP-49L8KIE" name="com.Automation.Automation.DressesTestPage" tests="6" failures="0" timestamp="16 Oct 2019 05:17:14 GMT" time="12.569" errors="0">
  <testcase name="VerifyCartLayer" time="1.081" classname="com.Automation.Automation.DressesTestPage"/>
  <testcase name="verifyCheckout" time="2.941" classname="com.Automation.Automation.DressesTestPage"/>
  <testcase name="VerifySelectDresses" time="6.127" classname="com.Automation.Automation.DressesTestPage"/>
  <testcase name="VerifyOrangeDress" time="0.269" classname="com.Automation.Automation.DressesTestPage"/>
  <testcase name="VerifyAddToCart" time="0.227" classname="com.Automation.Automation.DressesTestPage"/>
  <testcase name="VerifyCart" time="1.924" classname="com.Automation.Automation.DressesTestPage"/>
</testsuite> <!-- com.Automation.Automation.DressesTestPage -->
