<?xml version="1.0" encoding="UTF-8"?>
<!-- Generated by org.testng.reporters.JUnitReportReporter -->
<testsuite hostname="DESKTOP-49L8KIE" name="com.Automation.Automation.HomeTestPage" tests="6" failures="0" timestamp="11 Oct 2019 11:14:24 GMT" time="3.964" errors="0">
  <testcase name="VerifyButton" time="3.407" classname="com.Automation.Automation.HomeTestPage"/>
  <testcase name="VerifyDresses" time="0.166" classname="com.Automation.Automation.HomeTestPage"/>
  <testcase name="VerifySubscripton" time="0.080" classname="com.Automation.Automation.HomeTestPage"/>
  <testcase name="VerifyNewsLetter" time="0.184" classname="com.Automation.Automation.HomeTestPage"/>
  <testcase name="VerifyTShirts" time="0.063" classname="com.Automation.Automation.HomeTestPage"/>
  <testcase name="VerifyWomen" time="0.064" classname="com.Automation.Automation.HomeTestPage"/>
</testsuite> <!-- com.Automation.Automation.HomeTestPage -->
